...
generate-model:

  [echo] Reverse engineering database using JDBC driver
[CA]/home/twoputt/lib/h2.jar
  [echo] project=/home/twoputt/projects/open18
  [echo] model=org.open18.model
[hibernate] Executing Hibernate Tool with a JDBC Configuration (for
[CA]reverse engineering)
[hibernate] 1. task: hbm2java (Generates a set of .java files)
...
[hibernate] INFO: Hibernate Tools 3.2.0.CR1
[javaformatter] Java formatting of 8 files completed. Skipped 0
[CA]file(s).

generate-ui:
  [echo] Building project 'open18' to generate views and controllers

...
[hibernate] Executing Hibernate Tool with a JPA Configuration
[hibernate] 1. task: generic exporter... view/list.xhtml.ftl
...
[hibernate] 2. task: generic exporter... view/view.xhtml.ftl
[hibernate] 3. task: generic exporter... view/view.page.xml.ftl
[hibernate] 4. task: generic exporter... view/edit.xhtml.ftl
[hibernate] 5. task: generic exporter... view/edit.page.xml.ftl
[hibernate] 6. task: generic exporter... src/EntityList.java.ftl
[hibernate] 7. task: generic exporter... view/list.page.xml.ftl
[hibernate] 8. task: generic exporter... src/EntityHome.java.ftl
[hibernate] 9. task: generic exporter... view/layout/menu.xhtml.ftl
[javaformatter] Java formatting of 15 files completed. Skipped 0
[CA]file(s).
  [echo] Type 'seam restart' and go to http://localhost:8080/open18

generate:

BUILD SUCCESSFUL
